<?xml version="1.0" encoding="UTF-8"?>
<!-- Generated by org.testng.reporters.JUnitXMLReporter -->
<testsuite hostname="DAWN" ignored="0" name="Command line test" tests="10" failures="0" timestamp="23 Feb 2019 12:57:22 GMT" time="0.293" errors="0">
  <testcase name="ReverseStringbuilderTest" time="0.008" classname="com.stringOperation.Test.ReverseStringTest"/>
  <testcase name="ReverseStringbuilderTest" time="0.001" classname="com.stringOperation.Test.ReverseStringTest"/>
  <testcase name="ReverseStringbuilderTest" time="0.0" classname="com.stringOperation.Test.ReverseStringTest"/>
  <testcase name="ReverseStringbuilderTest" time="0.001" classname="com.stringOperation.Test.ReverseStringTest"/>
  <testcase name="ReverseStringbuilderTest" time="0.001" classname="com.stringOperation.Test.ReverseStringTest"/>
  <testcase name="ReversestringTest" time="0.0" classname="com.stringOperation.Test.ReverseStringTest"/>
  <testcase name="ReversestringTest" time="0.003" classname="com.stringOperation.Test.ReverseStringTest"/>
  <testcase name="ReversestringTest" time="0.001" classname="com.stringOperation.Test.ReverseStringTest"/>
  <testcase name="ReversestringTest" time="0.001" classname="com.stringOperation.Test.ReverseStringTest"/>
  <testcase name="ReversestringTest" time="0.0" classname="com.stringOperation.Test.ReverseStringTest"/>
</testsuite> <!-- Command line test -->
