<?xml version="1.0" encoding="UTF-8"?>
<!-- Generated by org.testng.reporters.JUnitXMLReporter -->
<testsuite hostname="DAWN" ignored="0" name="Default test" tests="5" failures="0" timestamp="16 May 2019 17:11:34 GMT" time="0.336" errors="0">
  <testcase name="IndexTest" time="0.077" classname="com.stringOperation.Test.IndexOfAlphabetTest"/>
  <testcase name="IndexTest" time="0.01" classname="com.stringOperation.Test.IndexOfAlphabetTest"/>
  <testcase name="IndexTest" time="0.011" classname="com.stringOperation.Test.IndexOfAlphabetTest"/>
  <testcase name="IndexTest" time="0.011" classname="com.stringOperation.Test.IndexOfAlphabetTest"/>
  <testcase name="IndexTest" time="0.009" classname="com.stringOperation.Test.IndexOfAlphabetTest"/>
</testsuite> <!-- Default test -->
