<?xml version="1.0" encoding="UTF-8"?>
<testsuite name="TestSuite" time="0.073" tests="24" errors="0" skipped="0" failures="0">
  <properties>
[...]
</properties>
  <testcase name="usigReplase" classname="com.stringOperation.Test.RemoveJunkTest" time="0.018"/>
  <testcase name="usigReplase" classname="com.stringOperation.Test.RemoveJunkTest" time="0.002"/>
  <testcase name="usigReplase" classname="com.stringOperation.Test.RemoveJunkTest" time="0.001"/>
  <testcase name="ReverseStringbuilderTest" classname="com.stringOperation.Test.ReverseStringTest" time="0.018"/>
  <testcase name="ReverseStringbuilderTest" classname="com.stringOperation.Test.ReverseStringTest" time="0.005"/>
  <testcase name="ReverseStringbuilderTest" classname="com.stringOperation.Test.ReverseStringTest" time="0.01"/>
  <testcase name="ReverseStringbuilderTest" classname="com.stringOperation.Test.ReverseStringTest" time="0"/>
  <testcase name="ReverseStringbuilderTest" classname="com.stringOperation.Test.ReverseStringTest" time="0.001"/>
  <testcase name="f" classname="com.stringOperation.Test.NewTest" time="0.018"/>
  <testcase name="f" classname="com.stringOperation.Test.NewTest" time="0.002"/>
  <testcase name="f" classname="com.stringOperation.Test.NewTest" time="0.018"/>
  <testcase name="HashMethodDuplicate" classname="com.stringOperation.Test.DuplcateCharTest" time="0.018"/>
  <testcase name="HashMethodDuplicate" classname="com.stringOperation.Test.DuplcateCharTest" time="0.008"/>
  <testcase name="usingcharAT" classname="com.stringOperation.Test.RemoveJunkTest" time="0"/>
  <testcase name="usingcharAT" classname="com.stringOperation.Test.RemoveJunkTest" time="0"/>
  <testcase name="usingcharAT" classname="com.stringOperation.Test.RemoveJunkTest" time="0"/>
  <testcase name="checkDuplicate" classname="com.stringOperation.Test.DuplcateCharTest" time="0.001"/>
  <testcase name="checkDuplicate" classname="com.stringOperation.Test.DuplcateCharTest" time="0.005"/>
  <testcase name="ReversestringTest" classname="com.stringOperation.Test.ReverseStringTest" time="0"/>
  <testcase name="ReversestringTest" classname="com.stringOperation.Test.ReverseStringTest" time="0"/>
  <testcase name="ReversestringTest" classname="com.stringOperation.Test.ReverseStringTest" time="0"/>
  <testcase name="ReversestringTest" classname="com.stringOperation.Test.ReverseStringTest" time="0.001"/>
  <testcase name="ReversestringTest" classname="com.stringOperation.Test.ReverseStringTest" time="0.001"/>
  <testcase name="ReverseTest" classname="com.NumberOperationTest.ReverseIntegerTest" time="0"/>
  <testcase name="ReverseTest" classname="com.NumberOperationTest.ReverseIntegerTest" time="0"/>
</testsuite>