<?xml version="1.0" encoding="UTF-8"?>
<!-- Generated by org.testng.reporters.JUnitXMLReporter -->
<testsuite hostname="DAWN" ignored="0" name="JavaBasics Test" tests="20" failures="0" timestamp="27 Feb 2019 18:33:08 GMT" time="0.702" errors="0">
  <testcase name="HashMethodDuplicate" time="0.032" classname="com.stringOperation.Test.DuplcateCharTest"/>
  <testcase name="usigReplase" time="0.024" classname="com.stringOperation.Test.RemoveJunkTest"/>
  <testcase name="ReverseStringbuilderTest" time="0.034" classname="com.stringOperation.Test.ReverseStringTest"/>
  <testcase name="ReverseStringbuilderTest" time="0.008" classname="com.stringOperation.Test.ReverseStringTest"/>
  <testcase name="usigReplase" time="0.073" classname="com.stringOperation.Test.RemoveJunkTest"/>
  <testcase name="ReverseStringbuilderTest" time="0.013" classname="com.stringOperation.Test.ReverseStringTest"/>
  <testcase name="HashMethodDuplicate" time="0.061" classname="com.stringOperation.Test.DuplcateCharTest"/>
  <testcase name="ReverseStringbuilderTest" time="0.026" classname="com.stringOperation.Test.ReverseStringTest"/>
  <testcase name="usigReplase" time="0.018" classname="com.stringOperation.Test.RemoveJunkTest"/>
  <testcase name="checkDuplicate" time="0.016" classname="com.stringOperation.Test.DuplcateCharTest"/>
  <testcase name="usingcharAT" time="0.006" classname="com.stringOperation.Test.RemoveJunkTest"/>
  <testcase name="checkDuplicate" time="0.025" classname="com.stringOperation.Test.DuplcateCharTest"/>
  <testcase name="usingcharAT" time="0.047" classname="com.stringOperation.Test.RemoveJunkTest"/>
  <testcase name="ReverseStringbuilderTest" time="0.069" classname="com.stringOperation.Test.ReverseStringTest"/>
  <testcase name="usingcharAT" time="0.004" classname="com.stringOperation.Test.RemoveJunkTest"/>
  <testcase name="ReversestringTest" time="0.012" classname="com.stringOperation.Test.ReverseStringTest"/>
  <testcase name="ReversestringTest" time="0.004" classname="com.stringOperation.Test.ReverseStringTest"/>
  <testcase name="ReversestringTest" time="0.008" classname="com.stringOperation.Test.ReverseStringTest"/>
  <testcase name="ReversestringTest" time="0.006" classname="com.stringOperation.Test.ReverseStringTest"/>
  <testcase name="ReversestringTest" time="0.004" classname="com.stringOperation.Test.ReverseStringTest"/>
</testsuite> <!-- JavaBasics Test -->
