<?xml version="1.0" encoding="UTF-8"?>
<!-- Generated by org.testng.reporters.JUnitXMLReporter -->
<testsuite hostname="DAWN" ignored="0" name="Number Operations" tests="9" failures="0" timestamp="18 May 2019 13:23:12 GMT" time="0.149" errors="0">
  <testcase name="ReverseTest" time="0.003" classname="com.NumberOperationTest.ReverseIntegerTest"/>
  <testcase name="ReverseTest" time="0.006" classname="com.NumberOperationTest.ReverseIntegerTest"/>
  <testcase name="divisorTest" time="0.006" classname="com.NumberOperationTest.DivisorOfNumberTest"/>
  <testcase name="divisorTest" time="0.003" classname="com.NumberOperationTest.DivisorOfNumberTest"/>
  <testcase name="divisorTest" time="0.004" classname="com.NumberOperationTest.DivisorOfNumberTest"/>
  <testcase name="res" time="0.012" classname="com.NumberOperationTest.FibonaciTest"/>
  <testcase name="res" time="0.004" classname="com.NumberOperationTest.FibonaciTest"/>
  <testcase name="res" time="0.003" classname="com.NumberOperationTest.FibonaciTest"/>
  <testcase name="res" time="0.003" classname="com.NumberOperationTest.FibonaciTest"/>
</testsuite> <!-- Number Operations -->
