<?xml version="1.0" encoding="UTF-8"?>
<!-- Generated by org.testng.reporters.JUnitXMLReporter -->
<testsuite hostname="DAWN" ignored="0" name="Number Operations" tests="15" failures="0" timestamp="02 Jun 2019 10:42:09 GMT" time="0.274" errors="0">
  <testcase name="ReverseTest" time="0.003" classname="com.NumberOperationTest.ReverseIntegerTest"/>
  <testcase name="ReverseTest" time="0.006" classname="com.NumberOperationTest.ReverseIntegerTest"/>
  <testcase name="PrimeTest" time="0.004" classname="com.NumberOperationTest.PrimeNumberTest"/>
  <testcase name="PrimeTest" time="0.013" classname="com.NumberOperationTest.PrimeNumberTest"/>
  <testcase name="PrimeTest" time="0.004" classname="com.NumberOperationTest.PrimeNumberTest"/>
  <testcase name="PrimeTest" time="0.002" classname="com.NumberOperationTest.PrimeNumberTest"/>
  <testcase name="PrimeTest" time="0.002" classname="com.NumberOperationTest.PrimeNumberTest"/>
  <testcase name="PrimeTest" time="0.003" classname="com.NumberOperationTest.PrimeNumberTest"/>
  <testcase name="divisorTest" time="0.006" classname="com.NumberOperationTest.DivisorOfNumberTest"/>
  <testcase name="divisorTest" time="0.003" classname="com.NumberOperationTest.DivisorOfNumberTest"/>
  <testcase name="divisorTest" time="0.003" classname="com.NumberOperationTest.DivisorOfNumberTest"/>
  <testcase name="res" time="0.01" classname="com.NumberOperationTest.FibonaciTest"/>
  <testcase name="res" time="0.008" classname="com.NumberOperationTest.FibonaciTest"/>
  <testcase name="res" time="0.005" classname="com.NumberOperationTest.FibonaciTest"/>
  <testcase name="res" time="0.018" classname="com.NumberOperationTest.FibonaciTest"/>
</testsuite> <!-- Number Operations -->
