<?xml version="1.0" encoding="UTF-8"?>
<!-- Generated by org.testng.reporters.JUnitXMLReporter -->
<testsuite hostname="DAWN" ignored="0" name="String Operations" tests="38" failures="0" timestamp="16 May 2019 17:14:29 GMT" time="1.442" errors="0">
  <testcase name="ReverseStringbuilderTest" time="0.024" classname="com.stringOperation.Test.ReverseStringTest"/>
  <testcase name="ReverseStringbuilderTest" time="0.008" classname="com.stringOperation.Test.ReverseStringTest"/>
  <testcase name="ReverseStringbuilderTest" time="0.013" classname="com.stringOperation.Test.ReverseStringTest"/>
  <testcase name="ReverseStringbuilderTest" time="0.015" classname="com.stringOperation.Test.ReverseStringTest"/>
  <testcase name="ReverseStringbuilderTest" time="0.009" classname="com.stringOperation.Test.ReverseStringTest"/>
  <testcase name="ReversestringTest" time="0.006" classname="com.stringOperation.Test.ReverseStringTest"/>
  <testcase name="ReversestringTest" time="0.005" classname="com.stringOperation.Test.ReverseStringTest"/>
  <testcase name="ReversestringTest" time="0.004" classname="com.stringOperation.Test.ReverseStringTest"/>
  <testcase name="ReversestringTest" time="0.007" classname="com.stringOperation.Test.ReverseStringTest"/>
  <testcase name="ReversestringTest" time="0.005" classname="com.stringOperation.Test.ReverseStringTest"/>
  <testcase name="usigReplase" time="0.009" classname="com.stringOperation.Test.RemoveJunkTest"/>
  <testcase name="usigReplase" time="0.012" classname="com.stringOperation.Test.RemoveJunkTest"/>
  <testcase name="usigReplase" time="0.008" classname="com.stringOperation.Test.RemoveJunkTest"/>
  <testcase name="usingcharAT" time="0.012" classname="com.stringOperation.Test.RemoveJunkTest"/>
  <testcase name="usingcharAT" time="0.011" classname="com.stringOperation.Test.RemoveJunkTest"/>
  <testcase name="usingcharAT" time="0.006" classname="com.stringOperation.Test.RemoveJunkTest"/>
  <testcase name="HashMethodDuplicate" time="0.005" classname="com.stringOperation.Test.DuplcateCharTest"/>
  <testcase name="HashMethodDuplicate" time="0.03" classname="com.stringOperation.Test.DuplcateCharTest"/>
  <testcase name="checkDuplicate" time="0.007" classname="com.stringOperation.Test.DuplcateCharTest"/>
  <testcase name="checkDuplicate" time="0.02" classname="com.stringOperation.Test.DuplcateCharTest"/>
  <testcase name="f" time="0.006" classname="com.stringOperation.Test.NewTest"/>
  <testcase name="f" time="0.011" classname="com.stringOperation.Test.NewTest"/>
  <testcase name="f" time="0.006" classname="com.stringOperation.Test.NewTest"/>
  <testcase name="equalsMethodTest" time="0.007" classname="com.stringOperation.Test.EqualsTest"/>
  <testcase name="equalsMethodTest" time="0.008" classname="com.stringOperation.Test.EqualsTest"/>
  <testcase name="equalsMethodTest" time="0.045" classname="com.stringOperation.Test.EqualsTest"/>
  <testcase name="equalsOperatorTest" time="0.012" classname="com.stringOperation.Test.EqualsTest"/>
  <testcase name="equalsOperatorTest" time="0.013" classname="com.stringOperation.Test.EqualsTest"/>
  <testcase name="equalsOperatorTest" time="0.009" classname="com.stringOperation.Test.EqualsTest"/>
  <testcase name="TestDuplicate" time="0.034" classname="com.stringOperation.Test.printDuplicateCountTest"/>
  <testcase name="TestDuplicate" time="0.05" classname="com.stringOperation.Test.printDuplicateCountTest"/>
  <testcase name="test" time="0.113" classname="com.stringOperation.Test.sumOfNumberFromString"/>
  <testcase name="test" time="0.007" classname="com.stringOperation.Test.sumOfNumberFromString"/>
  <testcase name="IndexTest" time="0.058" classname="com.stringOperation.Test.IndexOfAlphabetTest"/>
  <testcase name="IndexTest" time="0.006" classname="com.stringOperation.Test.IndexOfAlphabetTest"/>
  <testcase name="IndexTest" time="0.011" classname="com.stringOperation.Test.IndexOfAlphabetTest"/>
  <testcase name="IndexTest" time="0.005" classname="com.stringOperation.Test.IndexOfAlphabetTest"/>
  <testcase name="IndexTest" time="0.016" classname="com.stringOperation.Test.IndexOfAlphabetTest"/>
</testsuite> <!-- String Operations -->
