<?xml version="1.0" encoding="UTF-8"?>
<!-- Generated by org.testng.reporters.JUnitXMLReporter -->
<testsuite hostname="DAWN" ignored="0" name="String Operations" tests="33" failures="0" timestamp="05 May 2019 19:04:45 GMT" time="1.666" errors="0">
  <testcase name="equalsMethodTest" time="0.061" classname="com.stringOperation.Test.EqualsTest"/>
  <testcase name="f" time="0.061" classname="com.stringOperation.Test.NewTest"/>
  <testcase name="test" time="0.066" classname="com.stringOperation.Test.sumOfNumberFromString"/>
  <testcase name="usigReplase" time="0.061" classname="com.stringOperation.Test.RemoveJunkTest"/>
  <testcase name="TestDuplicate" time="0.066" classname="com.stringOperation.Test.printDuplicateCountTest"/>
  <testcase name="equalsMethodTest" time="0.021" classname="com.stringOperation.Test.EqualsTest"/>
  <testcase name="TestDuplicate" time="0.01" classname="com.stringOperation.Test.printDuplicateCountTest"/>
  <testcase name="f" time="0.065" classname="com.stringOperation.Test.NewTest"/>
  <testcase name="usigReplase" time="0.052" classname="com.stringOperation.Test.RemoveJunkTest"/>
  <testcase name="test" time="0.068" classname="com.stringOperation.Test.sumOfNumberFromString"/>
  <testcase name="equalsMethodTest" time="0.01" classname="com.stringOperation.Test.EqualsTest"/>
  <testcase name="equalsOperatorTest" time="0.005" classname="com.stringOperation.Test.EqualsTest"/>
  <testcase name="usigReplase" time="0.004" classname="com.stringOperation.Test.RemoveJunkTest"/>
  <testcase name="f" time="0.007" classname="com.stringOperation.Test.NewTest"/>
  <testcase name="equalsOperatorTest" time="0.048" classname="com.stringOperation.Test.EqualsTest"/>
  <testcase name="usingcharAT" time="0.06" classname="com.stringOperation.Test.RemoveJunkTest"/>
  <testcase name="equalsOperatorTest" time="0.028" classname="com.stringOperation.Test.EqualsTest"/>
  <testcase name="usingcharAT" time="0.04" classname="com.stringOperation.Test.RemoveJunkTest"/>
  <testcase name="usingcharAT" time="0.004" classname="com.stringOperation.Test.RemoveJunkTest"/>
  <testcase name="HashMethodDuplicate" time="0.005" classname="com.stringOperation.Test.DuplcateCharTest"/>
  <testcase name="ReverseStringbuilderTest" time="0.006" classname="com.stringOperation.Test.ReverseStringTest"/>
  <testcase name="HashMethodDuplicate" time="0.023" classname="com.stringOperation.Test.DuplcateCharTest"/>
  <testcase name="ReverseStringbuilderTest" time="0.021" classname="com.stringOperation.Test.ReverseStringTest"/>
  <testcase name="checkDuplicate" time="0.013" classname="com.stringOperation.Test.DuplcateCharTest"/>
  <testcase name="ReverseStringbuilderTest" time="0.022" classname="com.stringOperation.Test.ReverseStringTest"/>
  <testcase name="ReverseStringbuilderTest" time="0.024" classname="com.stringOperation.Test.ReverseStringTest"/>
  <testcase name="ReverseStringbuilderTest" time="0.013" classname="com.stringOperation.Test.ReverseStringTest"/>
  <testcase name="checkDuplicate" time="0.019" classname="com.stringOperation.Test.DuplcateCharTest"/>
  <testcase name="ReversestringTest" time="0.006" classname="com.stringOperation.Test.ReverseStringTest"/>
  <testcase name="ReversestringTest" time="0.003" classname="com.stringOperation.Test.ReverseStringTest"/>
  <testcase name="ReversestringTest" time="0.008" classname="com.stringOperation.Test.ReverseStringTest"/>
  <testcase name="ReversestringTest" time="0.053" classname="com.stringOperation.Test.ReverseStringTest"/>
  <testcase name="ReversestringTest" time="0.002" classname="com.stringOperation.Test.ReverseStringTest"/>
</testsuite> <!-- String Operations -->
