<?xml version="1.0" encoding="UTF-8"?>
<testng-results skipped="0" failed="0" ignored="0" total="3" passed="3">
  <reporter-output>
  </reporter-output>
  <suite name="Default suite" duration-ms="256" started-at="2019-02-27T18:40:51Z" finished-at="2019-02-27T18:40:51Z">
    <groups>
    </groups>
    <test name="Default test" duration-ms="256" started-at="2019-02-27T18:40:51Z" finished-at="2019-02-27T18:40:51Z">
      <class name="com.stringOperation.Test.NewTest">
        <test-method status="PASS" signature="beforeMethod()[pri:0, instance:com.stringOperation.Test.NewTest@5034c75a]" name="beforeMethod" is-config="true" duration-ms="25" started-at="2019-02-27T18:40:51Z" finished-at="2019-02-27T18:40:51Z">
          <reporter-output>
          </reporter-output>
        </test-method> <!-- beforeMethod -->
        <test-method status="PASS" signature="f(java.lang.String, java.lang.String)[pri:0, instance:com.stringOperation.Test.NewTest@5034c75a]" name="f" duration-ms="38" started-at="2019-02-27T18:40:51Z" data-provider="dp" finished-at="2019-02-27T18:40:51Z">
          <params>
            <param index="0">
              <value>
                <![CDATA[a]]>
              </value>
            </param>
            <param index="1">
              <value>
                <![CDATA[b]]>
              </value>
            </param>
          </params>
          <reporter-output>
          </reporter-output>
        </test-method> <!-- f -->
        <test-method status="PASS" signature="afterMethod()[pri:0, instance:com.stringOperation.Test.NewTest@5034c75a]" name="afterMethod" is-config="true" duration-ms="0" started-at="2019-02-27T18:40:51Z" finished-at="2019-02-27T18:40:51Z">
          <reporter-output>
          </reporter-output>
        </test-method> <!-- afterMethod -->
        <test-method status="PASS" signature="beforeMethod()[pri:0, instance:com.stringOperation.Test.NewTest@5034c75a]" name="beforeMethod" is-config="true" duration-ms="4" started-at="2019-02-27T18:40:51Z" finished-at="2019-02-27T18:40:51Z">
          <reporter-output>
          </reporter-output>
        </test-method> <!-- beforeMethod -->
        <test-method status="PASS" signature="f(java.lang.String, java.lang.String)[pri:0, instance:com.stringOperation.Test.NewTest@5034c75a]" name="f" duration-ms="16" started-at="2019-02-27T18:40:51Z" data-provider="dp" finished-at="2019-02-27T18:40:51Z">
          <params>
            <param index="0">
              <value>
                <![CDATA[abc]]>
              </value>
            </param>
            <param index="1">
              <value>
                <![CDATA[pqr]]>
              </value>
            </param>
          </params>
          <reporter-output>
          </reporter-output>
        </test-method> <!-- f -->
        <test-method status="PASS" signature="f(java.lang.String, java.lang.String)[pri:0, instance:com.stringOperation.Test.NewTest@5034c75a]" name="f" duration-ms="12" started-at="2019-02-27T18:40:51Z" data-provider="dp" finished-at="2019-02-27T18:40:51Z">
          <params>
            <param index="0">
              <value>
                <![CDATA[Hellow]]>
              </value>
            </param>
            <param index="1">
              <value>
                <![CDATA[world]]>
              </value>
            </param>
          </params>
          <reporter-output>
          </reporter-output>
        </test-method> <!-- f -->
        <test-method status="PASS" signature="afterMethod()[pri:0, instance:com.stringOperation.Test.NewTest@5034c75a]" name="afterMethod" is-config="true" duration-ms="0" started-at="2019-02-27T18:40:51Z" finished-at="2019-02-27T18:40:51Z">
          <reporter-output>
          </reporter-output>
        </test-method> <!-- afterMethod -->
        <test-method status="PASS" signature="beforeMethod()[pri:0, instance:com.stringOperation.Test.NewTest@5034c75a]" name="beforeMethod" is-config="true" duration-ms="0" started-at="2019-02-27T18:40:51Z" finished-at="2019-02-27T18:40:51Z">
          <reporter-output>
          </reporter-output>
        </test-method> <!-- beforeMethod -->
        <test-method status="PASS" signature="afterMethod()[pri:0, instance:com.stringOperation.Test.NewTest@5034c75a]" name="afterMethod" is-config="true" duration-ms="0" started-at="2019-02-27T18:40:51Z" finished-at="2019-02-27T18:40:51Z">
          <reporter-output>
          </reporter-output>
        </test-method> <!-- afterMethod -->
      </class> <!-- com.stringOperation.Test.NewTest -->
    </test> <!-- Default test -->
  </suite> <!-- Default suite -->
</testng-results>
