<?xml version="1.0" encoding="UTF-8"?>
<testng-results skipped="0" failed="0" ignored="0" total="6" passed="6">
  <reporter-output>
  </reporter-output>
  <suite name="Default suite" duration-ms="264" started-at="2019-03-14T02:38:03Z" finished-at="2019-03-14T02:38:04Z">
    <groups>
    </groups>
    <test name="Default test" duration-ms="264" started-at="2019-03-14T02:38:03Z" finished-at="2019-03-14T02:38:04Z">
      <class name="com.stringOperation.Test.EqualsTest">
        <test-method status="PASS" signature="init()[pri:0, instance:com.stringOperation.Test.EqualsTest@396a51ab]" name="init" is-config="true" duration-ms="32" started-at="2019-03-14T02:38:03Z" finished-at="2019-03-14T02:38:03Z">
          <reporter-output>
          </reporter-output>
        </test-method> <!-- init -->
        <test-method status="PASS" signature="equalsMethodTest(java.lang.String, java.lang.String)[pri:0, instance:com.stringOperation.Test.EqualsTest@396a51ab]" name="equalsMethodTest" duration-ms="15" started-at="2019-03-14T02:38:03Z" data-provider="dp" finished-at="2019-03-14T02:38:03Z">
          <params>
            <param index="0">
              <value>
                <![CDATA[abc]]>
              </value>
            </param>
            <param index="1">
              <value>
                <![CDATA[abc]]>
              </value>
            </param>
          </params>
          <reporter-output>
          </reporter-output>
        </test-method> <!-- equalsMethodTest -->
        <test-method status="PASS" signature="end()[pri:0, instance:com.stringOperation.Test.EqualsTest@396a51ab]" name="end" is-config="true" duration-ms="6" started-at="2019-03-14T02:38:03Z" finished-at="2019-03-14T02:38:03Z">
          <reporter-output>
          </reporter-output>
        </test-method> <!-- end -->
        <test-method status="PASS" signature="equalsMethodTest(java.lang.String, java.lang.String)[pri:0, instance:com.stringOperation.Test.EqualsTest@396a51ab]" name="equalsMethodTest" duration-ms="0" started-at="2019-03-14T02:38:03Z" data-provider="dp" finished-at="2019-03-14T02:38:03Z">
          <params>
            <param index="0">
              <value>
                <![CDATA[abc]]>
              </value>
            </param>
            <param index="1">
              <value>
                <![CDATA[abc]]>
              </value>
            </param>
          </params>
          <reporter-output>
          </reporter-output>
        </test-method> <!-- equalsMethodTest -->
        <test-method status="PASS" signature="init()[pri:0, instance:com.stringOperation.Test.EqualsTest@396a51ab]" name="init" is-config="true" duration-ms="0" started-at="2019-03-14T02:38:03Z" finished-at="2019-03-14T02:38:03Z">
          <reporter-output>
          </reporter-output>
        </test-method> <!-- init -->
        <test-method status="PASS" signature="init()[pri:0, instance:com.stringOperation.Test.EqualsTest@396a51ab]" name="init" is-config="true" duration-ms="0" started-at="2019-03-14T02:38:03Z" finished-at="2019-03-14T02:38:03Z">
          <reporter-output>
          </reporter-output>
        </test-method> <!-- init -->
        <test-method status="PASS" signature="equalsMethodTest(java.lang.String, java.lang.String)[pri:0, instance:com.stringOperation.Test.EqualsTest@396a51ab]" name="equalsMethodTest" duration-ms="16" started-at="2019-03-14T02:38:03Z" data-provider="dp" finished-at="2019-03-14T02:38:03Z">
          <params>
            <param index="0">
              <value>
                <![CDATA[pqr]]>
              </value>
            </param>
            <param index="1">
              <value>
                <![CDATA[pqr]]>
              </value>
            </param>
          </params>
          <reporter-output>
          </reporter-output>
        </test-method> <!-- equalsMethodTest -->
        <test-method status="PASS" signature="end()[pri:0, instance:com.stringOperation.Test.EqualsTest@396a51ab]" name="end" is-config="true" duration-ms="0" started-at="2019-03-14T02:38:03Z" finished-at="2019-03-14T02:38:03Z">
          <reporter-output>
          </reporter-output>
        </test-method> <!-- end -->
        <test-method status="PASS" signature="end()[pri:0, instance:com.stringOperation.Test.EqualsTest@396a51ab]" name="end" is-config="true" duration-ms="0" started-at="2019-03-14T02:38:03Z" finished-at="2019-03-14T02:38:03Z">
          <reporter-output>
          </reporter-output>
        </test-method> <!-- end -->
        <test-method status="PASS" signature="init()[pri:0, instance:com.stringOperation.Test.EqualsTest@396a51ab]" name="init" is-config="true" duration-ms="16" started-at="2019-03-14T02:38:03Z" finished-at="2019-03-14T02:38:03Z">
          <reporter-output>
          </reporter-output>
        </test-method> <!-- init -->
        <test-method status="PASS" signature="equalsOperatorTest(java.lang.String, java.lang.String)[pri:0, instance:com.stringOperation.Test.EqualsTest@396a51ab]" name="equalsOperatorTest" duration-ms="0" started-at="2019-03-14T02:38:03Z" data-provider="dp" finished-at="2019-03-14T02:38:03Z">
          <params>
            <param index="0">
              <value>
                <![CDATA[abc]]>
              </value>
            </param>
            <param index="1">
              <value>
                <![CDATA[abc]]>
              </value>
            </param>
          </params>
          <reporter-output>
          </reporter-output>
        </test-method> <!-- equalsOperatorTest -->
        <test-method status="PASS" signature="init()[pri:0, instance:com.stringOperation.Test.EqualsTest@396a51ab]" name="init" is-config="true" duration-ms="0" started-at="2019-03-14T02:38:03Z" finished-at="2019-03-14T02:38:03Z">
          <reporter-output>
          </reporter-output>
        </test-method> <!-- init -->
        <test-method status="PASS" signature="end()[pri:0, instance:com.stringOperation.Test.EqualsTest@396a51ab]" name="end" is-config="true" duration-ms="0" started-at="2019-03-14T02:38:03Z" finished-at="2019-03-14T02:38:03Z">
          <reporter-output>
          </reporter-output>
        </test-method> <!-- end -->
        <test-method status="PASS" signature="equalsOperatorTest(java.lang.String, java.lang.String)[pri:0, instance:com.stringOperation.Test.EqualsTest@396a51ab]" name="equalsOperatorTest" duration-ms="0" started-at="2019-03-14T02:38:03Z" data-provider="dp" finished-at="2019-03-14T02:38:03Z">
          <params>
            <param index="0">
              <value>
                <![CDATA[pqr]]>
              </value>
            </param>
            <param index="1">
              <value>
                <![CDATA[pqr]]>
              </value>
            </param>
          </params>
          <reporter-output>
          </reporter-output>
        </test-method> <!-- equalsOperatorTest -->
        <test-method status="PASS" signature="equalsOperatorTest(java.lang.String, java.lang.String)[pri:0, instance:com.stringOperation.Test.EqualsTest@396a51ab]" name="equalsOperatorTest" duration-ms="0" started-at="2019-03-14T02:38:03Z" data-provider="dp" finished-at="2019-03-14T02:38:03Z">
          <params>
            <param index="0">
              <value>
                <![CDATA[abc]]>
              </value>
            </param>
            <param index="1">
              <value>
                <![CDATA[abc]]>
              </value>
            </param>
          </params>
          <reporter-output>
          </reporter-output>
        </test-method> <!-- equalsOperatorTest -->
        <test-method status="PASS" signature="end()[pri:0, instance:com.stringOperation.Test.EqualsTest@396a51ab]" name="end" is-config="true" duration-ms="0" started-at="2019-03-14T02:38:03Z" finished-at="2019-03-14T02:38:03Z">
          <reporter-output>
          </reporter-output>
        </test-method> <!-- end -->
        <test-method status="PASS" signature="init()[pri:0, instance:com.stringOperation.Test.EqualsTest@396a51ab]" name="init" is-config="true" duration-ms="0" started-at="2019-03-14T02:38:03Z" finished-at="2019-03-14T02:38:03Z">
          <reporter-output>
          </reporter-output>
        </test-method> <!-- init -->
        <test-method status="PASS" signature="end()[pri:0, instance:com.stringOperation.Test.EqualsTest@396a51ab]" name="end" is-config="true" duration-ms="0" started-at="2019-03-14T02:38:04Z" finished-at="2019-03-14T02:38:04Z">
          <reporter-output>
          </reporter-output>
        </test-method> <!-- end -->
      </class> <!-- com.stringOperation.Test.EqualsTest -->
    </test> <!-- Default test -->
  </suite> <!-- Default suite -->
</testng-results>
