<?xml version="1.0" encoding="UTF-8"?>
<testng-results skipped="0" failed="0" ignored="0" total="31" passed="31">
  <reporter-output>
  </reporter-output>
  <suite name="JavaBasics" duration-ms="643" started-at="2019-03-14T03:55:02Z" finished-at="2019-03-14T03:55:02Z">
    <groups>
    </groups>
    <test name="String Operations" duration-ms="518" started-at="2019-03-14T03:55:02Z" finished-at="2019-03-14T03:55:02Z">
      <class name="com.stringOperation.Test.EqualsTest">
        <test-method status="PASS" signature="equalsMethodTest(java.lang.String, java.lang.String)[pri:0, instance:com.stringOperation.Test.EqualsTest@7c16905e]" name="equalsMethodTest" duration-ms="15" started-at="2019-03-14T03:55:02Z" data-provider="dp" finished-at="2019-03-14T03:55:02Z">
          <params>
            <param index="0">
              <value>
                <![CDATA[abc]]>
              </value>
            </param>
            <param index="1">
              <value>
                <![CDATA[abc]]>
              </value>
            </param>
          </params>
          <reporter-output>
          </reporter-output>
        </test-method> <!-- equalsMethodTest -->
        <test-method status="PASS" signature="init()[pri:0, instance:com.stringOperation.Test.EqualsTest@7c16905e]" name="init" is-config="true" duration-ms="0" started-at="2019-03-14T03:55:02Z" finished-at="2019-03-14T03:55:02Z">
          <reporter-output>
          </reporter-output>
        </test-method> <!-- init -->
        <test-method status="PASS" signature="end()[pri:0, instance:com.stringOperation.Test.EqualsTest@7c16905e]" name="end" is-config="true" duration-ms="16" started-at="2019-03-14T03:55:02Z" finished-at="2019-03-14T03:55:02Z">
          <reporter-output>
          </reporter-output>
        </test-method> <!-- end -->
        <test-method status="PASS" signature="equalsMethodTest(java.lang.String, java.lang.String)[pri:0, instance:com.stringOperation.Test.EqualsTest@7c16905e]" name="equalsMethodTest" duration-ms="0" started-at="2019-03-14T03:55:02Z" data-provider="dp" finished-at="2019-03-14T03:55:02Z">
          <params>
            <param index="0">
              <value>
                <![CDATA[abc]]>
              </value>
            </param>
            <param index="1">
              <value>
                <![CDATA[abc]]>
              </value>
            </param>
          </params>
          <reporter-output>
          </reporter-output>
        </test-method> <!-- equalsMethodTest -->
        <test-method status="PASS" signature="init()[pri:0, instance:com.stringOperation.Test.EqualsTest@7c16905e]" name="init" is-config="true" duration-ms="0" started-at="2019-03-14T03:55:02Z" finished-at="2019-03-14T03:55:02Z">
          <reporter-output>
          </reporter-output>
        </test-method> <!-- init -->
        <test-method status="PASS" signature="init()[pri:0, instance:com.stringOperation.Test.EqualsTest@7c16905e]" name="init" is-config="true" duration-ms="0" started-at="2019-03-14T03:55:02Z" finished-at="2019-03-14T03:55:02Z">
          <reporter-output>
          </reporter-output>
        </test-method> <!-- init -->
        <test-method status="PASS" signature="end()[pri:0, instance:com.stringOperation.Test.EqualsTest@7c16905e]" name="end" is-config="true" duration-ms="0" started-at="2019-03-14T03:55:02Z" finished-at="2019-03-14T03:55:02Z">
          <reporter-output>
          </reporter-output>
        </test-method> <!-- end -->
        <test-method status="PASS" signature="equalsMethodTest(java.lang.String, java.lang.String)[pri:0, instance:com.stringOperation.Test.EqualsTest@7c16905e]" name="equalsMethodTest" duration-ms="0" started-at="2019-03-14T03:55:02Z" data-provider="dp" finished-at="2019-03-14T03:55:02Z">
          <params>
            <param index="0">
              <value>
                <![CDATA[pqr]]>
              </value>
            </param>
            <param index="1">
              <value>
                <![CDATA[pqr]]>
              </value>
            </param>
          </params>
          <reporter-output>
          </reporter-output>
        </test-method> <!-- equalsMethodTest -->
        <test-method status="PASS" signature="equalsOperatorTest(java.lang.String, java.lang.String)[pri:0, instance:com.stringOperation.Test.EqualsTest@7c16905e]" name="equalsOperatorTest" duration-ms="16" started-at="2019-03-14T03:55:02Z" data-provider="dp" finished-at="2019-03-14T03:55:02Z">
          <params>
            <param index="0">
              <value>
                <![CDATA[abc]]>
              </value>
            </param>
            <param index="1">
              <value>
                <![CDATA[abc]]>
              </value>
            </param>
          </params>
          <reporter-output>
          </reporter-output>
        </test-method> <!-- equalsOperatorTest -->
        <test-method status="PASS" signature="end()[pri:0, instance:com.stringOperation.Test.EqualsTest@7c16905e]" name="end" is-config="true" duration-ms="0" started-at="2019-03-14T03:55:02Z" finished-at="2019-03-14T03:55:02Z">
          <reporter-output>
          </reporter-output>
        </test-method> <!-- end -->
        <test-method status="PASS" signature="init()[pri:0, instance:com.stringOperation.Test.EqualsTest@7c16905e]" name="init" is-config="true" duration-ms="0" started-at="2019-03-14T03:55:02Z" finished-at="2019-03-14T03:55:02Z">
          <reporter-output>
          </reporter-output>
        </test-method> <!-- init -->
        <test-method status="PASS" signature="init()[pri:0, instance:com.stringOperation.Test.EqualsTest@7c16905e]" name="init" is-config="true" duration-ms="0" started-at="2019-03-14T03:55:02Z" finished-at="2019-03-14T03:55:02Z">
          <reporter-output>
          </reporter-output>
        </test-method> <!-- init -->
        <test-method status="PASS" signature="equalsOperatorTest(java.lang.String, java.lang.String)[pri:0, instance:com.stringOperation.Test.EqualsTest@7c16905e]" name="equalsOperatorTest" duration-ms="16" started-at="2019-03-14T03:55:02Z" data-provider="dp" finished-at="2019-03-14T03:55:02Z">
          <params>
            <param index="0">
              <value>
                <![CDATA[abc]]>
              </value>
            </param>
            <param index="1">
              <value>
                <![CDATA[abc]]>
              </value>
            </param>
          </params>
          <reporter-output>
          </reporter-output>
        </test-method> <!-- equalsOperatorTest -->
        <test-method status="PASS" signature="end()[pri:0, instance:com.stringOperation.Test.EqualsTest@7c16905e]" name="end" is-config="true" duration-ms="0" started-at="2019-03-14T03:55:02Z" finished-at="2019-03-14T03:55:02Z">
          <reporter-output>
          </reporter-output>
        </test-method> <!-- end -->
        <test-method status="PASS" signature="init()[pri:0, instance:com.stringOperation.Test.EqualsTest@7c16905e]" name="init" is-config="true" duration-ms="0" started-at="2019-03-14T03:55:02Z" finished-at="2019-03-14T03:55:02Z">
          <reporter-output>
          </reporter-output>
        </test-method> <!-- init -->
        <test-method status="PASS" signature="equalsOperatorTest(java.lang.String, java.lang.String)[pri:0, instance:com.stringOperation.Test.EqualsTest@7c16905e]" name="equalsOperatorTest" duration-ms="47" started-at="2019-03-14T03:55:02Z" data-provider="dp" finished-at="2019-03-14T03:55:02Z">
          <params>
            <param index="0">
              <value>
                <![CDATA[pqr]]>
              </value>
            </param>
            <param index="1">
              <value>
                <![CDATA[pqr]]>
              </value>
            </param>
          </params>
          <reporter-output>
          </reporter-output>
        </test-method> <!-- equalsOperatorTest -->
        <test-method status="PASS" signature="end()[pri:0, instance:com.stringOperation.Test.EqualsTest@7c16905e]" name="end" is-config="true" duration-ms="0" started-at="2019-03-14T03:55:02Z" finished-at="2019-03-14T03:55:02Z">
          <reporter-output>
          </reporter-output>
        </test-method> <!-- end -->
        <test-method status="PASS" signature="end()[pri:0, instance:com.stringOperation.Test.EqualsTest@7c16905e]" name="end" is-config="true" duration-ms="0" started-at="2019-03-14T03:55:02Z" finished-at="2019-03-14T03:55:02Z">
          <reporter-output>
          </reporter-output>
        </test-method> <!-- end -->
      </class> <!-- com.stringOperation.Test.EqualsTest -->
      <class name="com.stringOperation.Test.RemoveJunkTest">
        <test-method status="PASS" signature="usigReplase(java.lang.String, java.lang.String)[pri:0, instance:com.stringOperation.Test.RemoveJunkTest@4f933fd1]" name="usigReplase" duration-ms="78" started-at="2019-03-14T03:55:02Z" data-provider="dp" finished-at="2019-03-14T03:55:02Z">
          <params>
            <param index="0">
              <value>
                <![CDATA[He@#$%llo]]>
              </value>
            </param>
            <param index="1">
              <value>
                <![CDATA[Hello]]>
              </value>
            </param>
          </params>
          <reporter-output>
          </reporter-output>
        </test-method> <!-- usigReplase -->
        <test-method status="PASS" signature="beforeMethod()[pri:0, instance:com.stringOperation.Test.RemoveJunkTest@4f933fd1]" name="beforeMethod" is-config="true" duration-ms="0" started-at="2019-03-14T03:55:02Z" finished-at="2019-03-14T03:55:02Z">
          <reporter-output>
          </reporter-output>
        </test-method> <!-- beforeMethod -->
        <test-method status="PASS" signature="beforeMethod()[pri:0, instance:com.stringOperation.Test.RemoveJunkTest@4f933fd1]" name="beforeMethod" is-config="true" duration-ms="0" started-at="2019-03-14T03:55:02Z" finished-at="2019-03-14T03:55:02Z">
          <reporter-output>
          </reporter-output>
        </test-method> <!-- beforeMethod -->
        <test-method status="PASS" signature="afterMethod()[pri:0, instance:com.stringOperation.Test.RemoveJunkTest@4f933fd1]" name="afterMethod" is-config="true" duration-ms="0" started-at="2019-03-14T03:55:02Z" finished-at="2019-03-14T03:55:02Z">
          <reporter-output>
          </reporter-output>
        </test-method> <!-- afterMethod -->
        <test-method status="PASS" signature="usigReplase(java.lang.String, java.lang.String)[pri:0, instance:com.stringOperation.Test.RemoveJunkTest@4f933fd1]" name="usigReplase" duration-ms="110" started-at="2019-03-14T03:55:02Z" data-provider="dp" finished-at="2019-03-14T03:55:02Z">
          <params>
            <param index="0">
              <value>
                <![CDATA[My name is $^%%&*^^...ABC]]>
              </value>
            </param>
            <param index="1">
              <value>
                <![CDATA[My name is ABC]]>
              </value>
            </param>
          </params>
          <reporter-output>
          </reporter-output>
        </test-method> <!-- usigReplase -->
        <test-method status="PASS" signature="afterMethod()[pri:0, instance:com.stringOperation.Test.RemoveJunkTest@4f933fd1]" name="afterMethod" is-config="true" duration-ms="0" started-at="2019-03-14T03:55:02Z" finished-at="2019-03-14T03:55:02Z">
          <reporter-output>
          </reporter-output>
        </test-method> <!-- afterMethod -->
        <test-method status="PASS" signature="usigReplase(java.lang.String, java.lang.String)[pri:0, instance:com.stringOperation.Test.RemoveJunkTest@4f933fd1]" name="usigReplase" duration-ms="0" started-at="2019-03-14T03:55:02Z" data-provider="dp" finished-at="2019-03-14T03:55:02Z">
          <params>
            <param index="0">
              <value>
                <![CDATA[#$#%$^&%*%&*$%#% ]]>
              </value>
            </param>
            <param index="1">
              <value>
                <![CDATA[ ]]>
              </value>
            </param>
          </params>
          <reporter-output>
          </reporter-output>
        </test-method> <!-- usigReplase -->
        <test-method status="PASS" signature="afterMethod()[pri:0, instance:com.stringOperation.Test.RemoveJunkTest@4f933fd1]" name="afterMethod" is-config="true" duration-ms="0" started-at="2019-03-14T03:55:02Z" finished-at="2019-03-14T03:55:02Z">
          <reporter-output>
          </reporter-output>
        </test-method> <!-- afterMethod -->
        <test-method status="PASS" signature="beforeMethod()[pri:0, instance:com.stringOperation.Test.RemoveJunkTest@4f933fd1]" name="beforeMethod" is-config="true" duration-ms="0" started-at="2019-03-14T03:55:02Z" finished-at="2019-03-14T03:55:02Z">
          <reporter-output>
          </reporter-output>
        </test-method> <!-- beforeMethod -->
        <test-method status="PASS" signature="beforeMethod()[pri:0, instance:com.stringOperation.Test.RemoveJunkTest@4f933fd1]" name="beforeMethod" is-config="true" duration-ms="0" started-at="2019-03-14T03:55:02Z" finished-at="2019-03-14T03:55:02Z">
          <reporter-output>
          </reporter-output>
        </test-method> <!-- beforeMethod -->
        <test-method status="PASS" signature="usingcharAT(java.lang.String, java.lang.String)[pri:0, instance:com.stringOperation.Test.RemoveJunkTest@4f933fd1]" name="usingcharAT" duration-ms="16" started-at="2019-03-14T03:55:02Z" data-provider="dp" finished-at="2019-03-14T03:55:02Z">
          <params>
            <param index="0">
              <value>
                <![CDATA[He@#$%llo]]>
              </value>
            </param>
            <param index="1">
              <value>
                <![CDATA[Hello]]>
              </value>
            </param>
          </params>
          <reporter-output>
          </reporter-output>
        </test-method> <!-- usingcharAT -->
        <test-method status="PASS" signature="afterMethod()[pri:0, instance:com.stringOperation.Test.RemoveJunkTest@4f933fd1]" name="afterMethod" is-config="true" duration-ms="0" started-at="2019-03-14T03:55:02Z" finished-at="2019-03-14T03:55:02Z">
          <reporter-output>
          </reporter-output>
        </test-method> <!-- afterMethod -->
        <test-method status="PASS" signature="beforeMethod()[pri:0, instance:com.stringOperation.Test.RemoveJunkTest@4f933fd1]" name="beforeMethod" is-config="true" duration-ms="0" started-at="2019-03-14T03:55:02Z" finished-at="2019-03-14T03:55:02Z">
          <reporter-output>
          </reporter-output>
        </test-method> <!-- beforeMethod -->
        <test-method status="PASS" signature="usingcharAT(java.lang.String, java.lang.String)[pri:0, instance:com.stringOperation.Test.RemoveJunkTest@4f933fd1]" name="usingcharAT" duration-ms="93" started-at="2019-03-14T03:55:02Z" data-provider="dp" finished-at="2019-03-14T03:55:02Z">
          <params>
            <param index="0">
              <value>
                <![CDATA[My name is $^%%&*^^...ABC]]>
              </value>
            </param>
            <param index="1">
              <value>
                <![CDATA[My name is ABC]]>
              </value>
            </param>
          </params>
          <reporter-output>
          </reporter-output>
        </test-method> <!-- usingcharAT -->
        <test-method status="PASS" signature="usingcharAT(java.lang.String, java.lang.String)[pri:0, instance:com.stringOperation.Test.RemoveJunkTest@4f933fd1]" name="usingcharAT" duration-ms="0" started-at="2019-03-14T03:55:02Z" data-provider="dp" finished-at="2019-03-14T03:55:02Z">
          <params>
            <param index="0">
              <value>
                <![CDATA[#$#%$^&%*%&*$%#% ]]>
              </value>
            </param>
            <param index="1">
              <value>
                <![CDATA[ ]]>
              </value>
            </param>
          </params>
          <reporter-output>
          </reporter-output>
        </test-method> <!-- usingcharAT -->
        <test-method status="PASS" signature="beforeMethod()[pri:0, instance:com.stringOperation.Test.RemoveJunkTest@4f933fd1]" name="beforeMethod" is-config="true" duration-ms="0" started-at="2019-03-14T03:55:02Z" finished-at="2019-03-14T03:55:02Z">
          <reporter-output>
          </reporter-output>
        </test-method> <!-- beforeMethod -->
        <test-method status="PASS" signature="afterMethod()[pri:0, instance:com.stringOperation.Test.RemoveJunkTest@4f933fd1]" name="afterMethod" is-config="true" duration-ms="0" started-at="2019-03-14T03:55:02Z" finished-at="2019-03-14T03:55:02Z">
          <reporter-output>
          </reporter-output>
        </test-method> <!-- afterMethod -->
        <test-method status="PASS" signature="afterMethod()[pri:0, instance:com.stringOperation.Test.RemoveJunkTest@4f933fd1]" name="afterMethod" is-config="true" duration-ms="0" started-at="2019-03-14T03:55:02Z" finished-at="2019-03-14T03:55:02Z">
          <reporter-output>
          </reporter-output>
        </test-method> <!-- afterMethod -->
      </class> <!-- com.stringOperation.Test.RemoveJunkTest -->
      <class name="com.stringOperation.Test.DuplcateCharTest">
        <test-method status="PASS" signature="HashMethodDuplicate(java.lang.String, java.lang.String)[pri:0, instance:com.stringOperation.Test.DuplcateCharTest@548a9f61]" name="HashMethodDuplicate" duration-ms="15" started-at="2019-03-14T03:55:02Z" data-provider="dpHash" finished-at="2019-03-14T03:55:02Z">
          <params>
            <param index="0">
              <value>
                <![CDATA[Hello]]>
              </value>
            </param>
            <param index="1">
              <value>
                <![CDATA[l]]>
              </value>
            </param>
          </params>
          <reporter-output>
          </reporter-output>
        </test-method> <!-- HashMethodDuplicate -->
        <test-method status="PASS" signature="initz()[pri:0, instance:com.stringOperation.Test.DuplcateCharTest@548a9f61]" name="initz" is-config="true" duration-ms="0" started-at="2019-03-14T03:55:02Z" finished-at="2019-03-14T03:55:02Z">
          <reporter-output>
          </reporter-output>
        </test-method> <!-- initz -->
        <test-method status="PASS" signature="destroy()[pri:0, instance:com.stringOperation.Test.DuplcateCharTest@548a9f61]" name="destroy" is-config="true" duration-ms="0" started-at="2019-03-14T03:55:02Z" finished-at="2019-03-14T03:55:02Z">
          <reporter-output>
          </reporter-output>
        </test-method> <!-- destroy -->
        <test-method status="PASS" signature="initz()[pri:0, instance:com.stringOperation.Test.DuplcateCharTest@548a9f61]" name="initz" is-config="true" duration-ms="16" started-at="2019-03-14T03:55:02Z" finished-at="2019-03-14T03:55:02Z">
          <reporter-output>
          </reporter-output>
        </test-method> <!-- initz -->
        <test-method status="PASS" signature="HashMethodDuplicate(java.lang.String, java.lang.String)[pri:0, instance:com.stringOperation.Test.DuplcateCharTest@548a9f61]" name="HashMethodDuplicate" duration-ms="93" started-at="2019-03-14T03:55:02Z" data-provider="dpHash" finished-at="2019-03-14T03:55:02Z">
          <params>
            <param index="0">
              <value>
                <![CDATA[hey what are you doing?]]>
              </value>
            </param>
            <param index="1">
              <value>
                <![CDATA[h ae y o]]>
              </value>
            </param>
          </params>
          <reporter-output>
          </reporter-output>
        </test-method> <!-- HashMethodDuplicate -->
        <test-method status="PASS" signature="destroy()[pri:0, instance:com.stringOperation.Test.DuplcateCharTest@548a9f61]" name="destroy" is-config="true" duration-ms="0" started-at="2019-03-14T03:55:02Z" finished-at="2019-03-14T03:55:02Z">
          <reporter-output>
          </reporter-output>
        </test-method> <!-- destroy -->
        <test-method status="PASS" signature="checkDuplicate(java.lang.String, java.lang.String)[pri:0, instance:com.stringOperation.Test.DuplcateCharTest@548a9f61]" name="checkDuplicate" duration-ms="16" started-at="2019-03-14T03:55:02Z" data-provider="dp" finished-at="2019-03-14T03:55:02Z">
          <params>
            <param index="0">
              <value>
                <![CDATA[Hello]]>
              </value>
            </param>
            <param index="1">
              <value>
                <![CDATA[l]]>
              </value>
            </param>
          </params>
          <reporter-output>
          </reporter-output>
        </test-method> <!-- checkDuplicate -->
        <test-method status="PASS" signature="initz()[pri:0, instance:com.stringOperation.Test.DuplcateCharTest@548a9f61]" name="initz" is-config="true" duration-ms="0" started-at="2019-03-14T03:55:02Z" finished-at="2019-03-14T03:55:02Z">
          <reporter-output>
          </reporter-output>
        </test-method> <!-- initz -->
        <test-method status="PASS" signature="checkDuplicate(java.lang.String, java.lang.String)[pri:0, instance:com.stringOperation.Test.DuplcateCharTest@548a9f61]" name="checkDuplicate" duration-ms="78" started-at="2019-03-14T03:55:02Z" data-provider="dp" finished-at="2019-03-14T03:55:02Z">
          <params>
            <param index="0">
              <value>
                <![CDATA[hey what are you doing?]]>
              </value>
            </param>
            <param index="1">
              <value>
                <![CDATA[hey ao]]>
              </value>
            </param>
          </params>
          <reporter-output>
          </reporter-output>
        </test-method> <!-- checkDuplicate -->
        <test-method status="PASS" signature="destroy()[pri:0, instance:com.stringOperation.Test.DuplcateCharTest@548a9f61]" name="destroy" is-config="true" duration-ms="0" started-at="2019-03-14T03:55:02Z" finished-at="2019-03-14T03:55:02Z">
          <reporter-output>
          </reporter-output>
        </test-method> <!-- destroy -->
        <test-method status="PASS" signature="initz()[pri:0, instance:com.stringOperation.Test.DuplcateCharTest@548a9f61]" name="initz" is-config="true" duration-ms="0" started-at="2019-03-14T03:55:02Z" finished-at="2019-03-14T03:55:02Z">
          <reporter-output>
          </reporter-output>
        </test-method> <!-- initz -->
        <test-method status="PASS" signature="destroy()[pri:0, instance:com.stringOperation.Test.DuplcateCharTest@548a9f61]" name="destroy" is-config="true" duration-ms="0" started-at="2019-03-14T03:55:02Z" finished-at="2019-03-14T03:55:02Z">
          <reporter-output>
          </reporter-output>
        </test-method> <!-- destroy -->
      </class> <!-- com.stringOperation.Test.DuplcateCharTest -->
      <class name="com.stringOperation.Test.ReverseStringTest">
        <test-method status="PASS" signature="test()[pri:0, instance:com.stringOperation.Test.ReverseStringTest@d2cc05a]" name="test" is-config="true" duration-ms="0" started-at="2019-03-14T03:55:02Z" finished-at="2019-03-14T03:55:02Z">
          <reporter-output>
          </reporter-output>
        </test-method> <!-- test -->
        <test-method status="PASS" signature="cls()[pri:0, instance:com.stringOperation.Test.ReverseStringTest@d2cc05a]" name="cls" is-config="true" duration-ms="0" started-at="2019-03-14T03:55:02Z" finished-at="2019-03-14T03:55:02Z">
          <reporter-output>
          </reporter-output>
        </test-method> <!-- cls -->
        <test-method status="PASS" signature="objIntialise()[pri:0, instance:com.stringOperation.Test.ReverseStringTest@d2cc05a]" name="objIntialise" is-config="true" duration-ms="0" started-at="2019-03-14T03:55:02Z" finished-at="2019-03-14T03:55:02Z">
          <reporter-output>
          </reporter-output>
        </test-method> <!-- objIntialise -->
        <test-method status="PASS" signature="ReverseStringbuilderTest(java.lang.String, java.lang.String)[pri:0, instance:com.stringOperation.Test.ReverseStringTest@d2cc05a]" name="ReverseStringbuilderTest" duration-ms="31" started-at="2019-03-14T03:55:02Z" data-provider="TestData" finished-at="2019-03-14T03:55:02Z">
          <params>
            <param index="0">
              <value>
                <![CDATA[abc]]>
              </value>
            </param>
            <param index="1">
              <value>
                <![CDATA[cba]]>
              </value>
            </param>
          </params>
          <reporter-output>
          </reporter-output>
        </test-method> <!-- ReverseStringbuilderTest -->
        <test-method status="PASS" signature="ReverseStringbuilderTest(java.lang.String, java.lang.String)[pri:0, instance:com.stringOperation.Test.ReverseStringTest@d2cc05a]" name="ReverseStringbuilderTest" duration-ms="16" started-at="2019-03-14T03:55:02Z" data-provider="TestData" finished-at="2019-03-14T03:55:02Z">
          <params>
            <param index="0">
              <value>
                <![CDATA[hello world]]>
              </value>
            </param>
            <param index="1">
              <value>
                <![CDATA[dlrow olleh]]>
              </value>
            </param>
          </params>
          <reporter-output>
          </reporter-output>
        </test-method> <!-- ReverseStringbuilderTest -->
        <test-method status="PASS" signature="objIntialise()[pri:0, instance:com.stringOperation.Test.ReverseStringTest@d2cc05a]" name="objIntialise" is-config="true" duration-ms="0" started-at="2019-03-14T03:55:02Z" finished-at="2019-03-14T03:55:02Z">
          <reporter-output>
          </reporter-output>
        </test-method> <!-- objIntialise -->
        <test-method status="PASS" signature="destroy()[pri:0, instance:com.stringOperation.Test.ReverseStringTest@d2cc05a]" name="destroy" is-config="true" duration-ms="0" started-at="2019-03-14T03:55:02Z" finished-at="2019-03-14T03:55:02Z">
          <reporter-output>
          </reporter-output>
        </test-method> <!-- destroy -->
        <test-method status="PASS" signature="objIntialise()[pri:0, instance:com.stringOperation.Test.ReverseStringTest@d2cc05a]" name="objIntialise" is-config="true" duration-ms="15" started-at="2019-03-14T03:55:02Z" finished-at="2019-03-14T03:55:02Z">
          <reporter-output>
          </reporter-output>
        </test-method> <!-- objIntialise -->
        <test-method status="PASS" signature="destroy()[pri:0, instance:com.stringOperation.Test.ReverseStringTest@d2cc05a]" name="destroy" is-config="true" duration-ms="0" started-at="2019-03-14T03:55:02Z" finished-at="2019-03-14T03:55:02Z">
          <reporter-output>
          </reporter-output>
        </test-method> <!-- destroy -->
        <test-method status="PASS" signature="ReverseStringbuilderTest(java.lang.String, java.lang.String)[pri:0, instance:com.stringOperation.Test.ReverseStringTest@d2cc05a]" name="ReverseStringbuilderTest" duration-ms="0" started-at="2019-03-14T03:55:02Z" data-provider="TestData" finished-at="2019-03-14T03:55:02Z">
          <params>
            <param index="0">
              <value>
                <![CDATA[Hi how are you]]>
              </value>
            </param>
            <param index="1">
              <value>
                <![CDATA[uoy era woh iH]]>
              </value>
            </param>
          </params>
          <reporter-output>
          </reporter-output>
        </test-method> <!-- ReverseStringbuilderTest -->
        <test-method status="PASS" signature="objIntialise()[pri:0, instance:com.stringOperation.Test.ReverseStringTest@d2cc05a]" name="objIntialise" is-config="true" duration-ms="0" started-at="2019-03-14T03:55:02Z" finished-at="2019-03-14T03:55:02Z">
          <reporter-output>
          </reporter-output>
        </test-method> <!-- objIntialise -->
        <test-method status="PASS" signature="destroy()[pri:0, instance:com.stringOperation.Test.ReverseStringTest@d2cc05a]" name="destroy" is-config="true" duration-ms="0" started-at="2019-03-14T03:55:02Z" finished-at="2019-03-14T03:55:02Z">
          <reporter-output>
          </reporter-output>
        </test-method> <!-- destroy -->
        <test-method status="PASS" signature="ReverseStringbuilderTest(java.lang.String, java.lang.String)[pri:0, instance:com.stringOperation.Test.ReverseStringTest@d2cc05a]" name="ReverseStringbuilderTest" duration-ms="16" started-at="2019-03-14T03:55:02Z" data-provider="TestData" finished-at="2019-03-14T03:55:02Z">
          <params>
            <param index="0">
              <value>
                <![CDATA[ABCD ]]>
              </value>
            </param>
            <param index="1">
              <value>
                <![CDATA[ DCBA]]>
              </value>
            </param>
          </params>
          <reporter-output>
          </reporter-output>
        </test-method> <!-- ReverseStringbuilderTest -->
        <test-method status="PASS" signature="objIntialise()[pri:0, instance:com.stringOperation.Test.ReverseStringTest@d2cc05a]" name="objIntialise" is-config="true" duration-ms="0" started-at="2019-03-14T03:55:02Z" finished-at="2019-03-14T03:55:02Z">
          <reporter-output>
          </reporter-output>
        </test-method> <!-- objIntialise -->
        <test-method status="PASS" signature="destroy()[pri:0, instance:com.stringOperation.Test.ReverseStringTest@d2cc05a]" name="destroy" is-config="true" duration-ms="0" started-at="2019-03-14T03:55:02Z" finished-at="2019-03-14T03:55:02Z">
          <reporter-output>
          </reporter-output>
        </test-method> <!-- destroy -->
        <test-method status="PASS" signature="ReverseStringbuilderTest(java.lang.String, java.lang.String)[pri:0, instance:com.stringOperation.Test.ReverseStringTest@d2cc05a]" name="ReverseStringbuilderTest" duration-ms="125" started-at="2019-03-14T03:55:02Z" data-provider="TestData" finished-at="2019-03-14T03:55:02Z">
          <params>
            <param index="0">
              <value>
                <![CDATA[12345]]>
              </value>
            </param>
            <param index="1">
              <value>
                <![CDATA[54321]]>
              </value>
            </param>
          </params>
          <reporter-output>
          </reporter-output>
        </test-method> <!-- ReverseStringbuilderTest -->
        <test-method status="PASS" signature="destroy()[pri:0, instance:com.stringOperation.Test.ReverseStringTest@d2cc05a]" name="destroy" is-config="true" duration-ms="0" started-at="2019-03-14T03:55:02Z" finished-at="2019-03-14T03:55:02Z">
          <reporter-output>
          </reporter-output>
        </test-method> <!-- destroy -->
        <test-method status="PASS" signature="ReversestringTest(java.lang.String, java.lang.String)[pri:0, instance:com.stringOperation.Test.ReverseStringTest@d2cc05a]" name="ReversestringTest" duration-ms="31" started-at="2019-03-14T03:55:02Z" data-provider="TestData" finished-at="2019-03-14T03:55:02Z">
          <params>
            <param index="0">
              <value>
                <![CDATA[abc]]>
              </value>
            </param>
            <param index="1">
              <value>
                <![CDATA[cba]]>
              </value>
            </param>
          </params>
          <reporter-output>
          </reporter-output>
        </test-method> <!-- ReversestringTest -->
        <test-method status="PASS" signature="objIntialise()[pri:0, instance:com.stringOperation.Test.ReverseStringTest@d2cc05a]" name="objIntialise" is-config="true" duration-ms="0" started-at="2019-03-14T03:55:02Z" finished-at="2019-03-14T03:55:02Z">
          <reporter-output>
          </reporter-output>
        </test-method> <!-- objIntialise -->
        <test-method status="PASS" signature="destroy()[pri:0, instance:com.stringOperation.Test.ReverseStringTest@d2cc05a]" name="destroy" is-config="true" duration-ms="0" started-at="2019-03-14T03:55:02Z" finished-at="2019-03-14T03:55:02Z">
          <reporter-output>
          </reporter-output>
        </test-method> <!-- destroy -->
        <test-method status="PASS" signature="objIntialise()[pri:0, instance:com.stringOperation.Test.ReverseStringTest@d2cc05a]" name="objIntialise" is-config="true" duration-ms="16" started-at="2019-03-14T03:55:02Z" finished-at="2019-03-14T03:55:02Z">
          <reporter-output>
          </reporter-output>
        </test-method> <!-- objIntialise -->
        <test-method status="PASS" signature="ReversestringTest(java.lang.String, java.lang.String)[pri:0, instance:com.stringOperation.Test.ReverseStringTest@d2cc05a]" name="ReversestringTest" duration-ms="0" started-at="2019-03-14T03:55:02Z" data-provider="TestData" finished-at="2019-03-14T03:55:02Z">
          <params>
            <param index="0">
              <value>
                <![CDATA[hello world]]>
              </value>
            </param>
            <param index="1">
              <value>
                <![CDATA[dlrow olleh]]>
              </value>
            </param>
          </params>
          <reporter-output>
          </reporter-output>
        </test-method> <!-- ReversestringTest -->
        <test-method status="PASS" signature="ReversestringTest(java.lang.String, java.lang.String)[pri:0, instance:com.stringOperation.Test.ReverseStringTest@d2cc05a]" name="ReversestringTest" duration-ms="125" started-at="2019-03-14T03:55:02Z" data-provider="TestData" finished-at="2019-03-14T03:55:02Z">
          <params>
            <param index="0">
              <value>
                <![CDATA[Hi how are you]]>
              </value>
            </param>
            <param index="1">
              <value>
                <![CDATA[uoy era woh iH]]>
              </value>
            </param>
          </params>
          <reporter-output>
          </reporter-output>
        </test-method> <!-- ReversestringTest -->
        <test-method status="PASS" signature="objIntialise()[pri:0, instance:com.stringOperation.Test.ReverseStringTest@d2cc05a]" name="objIntialise" is-config="true" duration-ms="0" started-at="2019-03-14T03:55:02Z" finished-at="2019-03-14T03:55:02Z">
          <reporter-output>
          </reporter-output>
        </test-method> <!-- objIntialise -->
        <test-method status="PASS" signature="destroy()[pri:0, instance:com.stringOperation.Test.ReverseStringTest@d2cc05a]" name="destroy" is-config="true" duration-ms="0" started-at="2019-03-14T03:55:02Z" finished-at="2019-03-14T03:55:02Z">
          <reporter-output>
          </reporter-output>
        </test-method> <!-- destroy -->
        <test-method status="PASS" signature="destroy()[pri:0, instance:com.stringOperation.Test.ReverseStringTest@d2cc05a]" name="destroy" is-config="true" duration-ms="0" started-at="2019-03-14T03:55:02Z" finished-at="2019-03-14T03:55:02Z">
          <reporter-output>
          </reporter-output>
        </test-method> <!-- destroy -->
        <test-method status="PASS" signature="ReversestringTest(java.lang.String, java.lang.String)[pri:0, instance:com.stringOperation.Test.ReverseStringTest@d2cc05a]" name="ReversestringTest" duration-ms="0" started-at="2019-03-14T03:55:02Z" data-provider="TestData" finished-at="2019-03-14T03:55:02Z">
          <params>
            <param index="0">
              <value>
                <![CDATA[ABCD ]]>
              </value>
            </param>
            <param index="1">
              <value>
                <![CDATA[ DCBA]]>
              </value>
            </param>
          </params>
          <reporter-output>
          </reporter-output>
        </test-method> <!-- ReversestringTest -->
        <test-method status="PASS" signature="objIntialise()[pri:0, instance:com.stringOperation.Test.ReverseStringTest@d2cc05a]" name="objIntialise" is-config="true" duration-ms="0" started-at="2019-03-14T03:55:02Z" finished-at="2019-03-14T03:55:02Z">
          <reporter-output>
          </reporter-output>
        </test-method> <!-- objIntialise -->
        <test-method status="PASS" signature="ReversestringTest(java.lang.String, java.lang.String)[pri:0, instance:com.stringOperation.Test.ReverseStringTest@d2cc05a]" name="ReversestringTest" duration-ms="0" started-at="2019-03-14T03:55:02Z" data-provider="TestData" finished-at="2019-03-14T03:55:02Z">
          <params>
            <param index="0">
              <value>
                <![CDATA[12345]]>
              </value>
            </param>
            <param index="1">
              <value>
                <![CDATA[54321]]>
              </value>
            </param>
          </params>
          <reporter-output>
          </reporter-output>
        </test-method> <!-- ReversestringTest -->
        <test-method status="PASS" signature="destroy()[pri:0, instance:com.stringOperation.Test.ReverseStringTest@d2cc05a]" name="destroy" is-config="true" duration-ms="0" started-at="2019-03-14T03:55:02Z" finished-at="2019-03-14T03:55:02Z">
          <reporter-output>
          </reporter-output>
        </test-method> <!-- destroy -->
        <test-method status="PASS" signature="destroy()[pri:0, instance:com.stringOperation.Test.ReverseStringTest@d2cc05a]" name="destroy" is-config="true" duration-ms="0" started-at="2019-03-14T03:55:02Z" finished-at="2019-03-14T03:55:02Z">
          <reporter-output>
          </reporter-output>
        </test-method> <!-- destroy -->
        <test-method status="PASS" signature="objIntialise()[pri:0, instance:com.stringOperation.Test.ReverseStringTest@d2cc05a]" name="objIntialise" is-config="true" duration-ms="0" started-at="2019-03-14T03:55:02Z" finished-at="2019-03-14T03:55:02Z">
          <reporter-output>
          </reporter-output>
        </test-method> <!-- objIntialise -->
      </class> <!-- com.stringOperation.Test.ReverseStringTest -->
      <class name="com.stringOperation.Test.NewTest">
        <test-method status="PASS" signature="beforeMethod()[pri:0, instance:com.stringOperation.Test.NewTest@1753acfe]" name="beforeMethod" is-config="true" duration-ms="0" started-at="2019-03-14T03:55:02Z" finished-at="2019-03-14T03:55:02Z">
          <reporter-output>
          </reporter-output>
        </test-method> <!-- beforeMethod -->
        <test-method status="PASS" signature="f(java.lang.String, java.lang.String)[pri:0, instance:com.stringOperation.Test.NewTest@1753acfe]" name="f" duration-ms="78" started-at="2019-03-14T03:55:02Z" data-provider="dp" finished-at="2019-03-14T03:55:02Z">
          <params>
            <param index="0">
              <value>
                <![CDATA[a]]>
              </value>
            </param>
            <param index="1">
              <value>
                <![CDATA[b]]>
              </value>
            </param>
          </params>
          <reporter-output>
          </reporter-output>
        </test-method> <!-- f -->
        <test-method status="PASS" signature="afterMethod()[pri:0, instance:com.stringOperation.Test.NewTest@1753acfe]" name="afterMethod" is-config="true" duration-ms="0" started-at="2019-03-14T03:55:02Z" finished-at="2019-03-14T03:55:02Z">
          <reporter-output>
          </reporter-output>
        </test-method> <!-- afterMethod -->
        <test-method status="PASS" signature="beforeMethod()[pri:0, instance:com.stringOperation.Test.NewTest@1753acfe]" name="beforeMethod" is-config="true" duration-ms="0" started-at="2019-03-14T03:55:02Z" finished-at="2019-03-14T03:55:02Z">
          <reporter-output>
          </reporter-output>
        </test-method> <!-- beforeMethod -->
        <test-method status="PASS" signature="f(java.lang.String, java.lang.String)[pri:0, instance:com.stringOperation.Test.NewTest@1753acfe]" name="f" duration-ms="46" started-at="2019-03-14T03:55:02Z" data-provider="dp" finished-at="2019-03-14T03:55:02Z">
          <params>
            <param index="0">
              <value>
                <![CDATA[abc]]>
              </value>
            </param>
            <param index="1">
              <value>
                <![CDATA[pqr]]>
              </value>
            </param>
          </params>
          <reporter-output>
          </reporter-output>
        </test-method> <!-- f -->
        <test-method status="PASS" signature="beforeMethod()[pri:0, instance:com.stringOperation.Test.NewTest@1753acfe]" name="beforeMethod" is-config="true" duration-ms="0" started-at="2019-03-14T03:55:02Z" finished-at="2019-03-14T03:55:02Z">
          <reporter-output>
          </reporter-output>
        </test-method> <!-- beforeMethod -->
        <test-method status="PASS" signature="afterMethod()[pri:0, instance:com.stringOperation.Test.NewTest@1753acfe]" name="afterMethod" is-config="true" duration-ms="0" started-at="2019-03-14T03:55:02Z" finished-at="2019-03-14T03:55:02Z">
          <reporter-output>
          </reporter-output>
        </test-method> <!-- afterMethod -->
        <test-method status="PASS" signature="f(java.lang.String, java.lang.String)[pri:0, instance:com.stringOperation.Test.NewTest@1753acfe]" name="f" duration-ms="141" started-at="2019-03-14T03:55:02Z" data-provider="dp" finished-at="2019-03-14T03:55:02Z">
          <params>
            <param index="0">
              <value>
                <![CDATA[Hellow]]>
              </value>
            </param>
            <param index="1">
              <value>
                <![CDATA[world]]>
              </value>
            </param>
          </params>
          <reporter-output>
          </reporter-output>
        </test-method> <!-- f -->
        <test-method status="PASS" signature="afterMethod()[pri:0, instance:com.stringOperation.Test.NewTest@1753acfe]" name="afterMethod" is-config="true" duration-ms="0" started-at="2019-03-14T03:55:02Z" finished-at="2019-03-14T03:55:02Z">
          <reporter-output>
          </reporter-output>
        </test-method> <!-- afterMethod -->
      </class> <!-- com.stringOperation.Test.NewTest -->
    </test> <!-- String Operations -->
    <test name="Number Operations" duration-ms="31" started-at="2019-03-14T03:55:02Z" finished-at="2019-03-14T03:55:02Z">
      <class name="com.NumberOperationTest.ReverseIntegerTest">
        <test-method status="PASS" signature="dest()[pri:0, instance:com.NumberOperationTest.ReverseIntegerTest@3ffc5af1]" name="dest" is-config="true" duration-ms="0" started-at="2019-03-14T03:55:02Z" finished-at="2019-03-14T03:55:02Z">
          <reporter-output>
          </reporter-output>
        </test-method> <!-- dest -->
        <test-method status="PASS" signature="init()[pri:0, instance:com.NumberOperationTest.ReverseIntegerTest@3ffc5af1]" name="init" is-config="true" duration-ms="0" started-at="2019-03-14T03:55:02Z" finished-at="2019-03-14T03:55:02Z">
          <reporter-output>
          </reporter-output>
        </test-method> <!-- init -->
        <test-method status="PASS" signature="ReverseTest(java.lang.String, java.lang.String)[pri:0, instance:com.NumberOperationTest.ReverseIntegerTest@3ffc5af1]" name="ReverseTest" duration-ms="0" started-at="2019-03-14T03:55:02Z" data-provider="dp" finished-at="2019-03-14T03:55:02Z">
          <params>
            <param index="0">
              <value>
                <![CDATA[123]]>
              </value>
            </param>
            <param index="1">
              <value>
                <![CDATA[321]]>
              </value>
            </param>
          </params>
          <reporter-output>
          </reporter-output>
        </test-method> <!-- ReverseTest -->
        <test-method status="PASS" signature="init()[pri:0, instance:com.NumberOperationTest.ReverseIntegerTest@3ffc5af1]" name="init" is-config="true" duration-ms="0" started-at="2019-03-14T03:55:02Z" finished-at="2019-03-14T03:55:02Z">
          <reporter-output>
          </reporter-output>
        </test-method> <!-- init -->
        <test-method status="PASS" signature="ReverseTest(java.lang.String, java.lang.String)[pri:0, instance:com.NumberOperationTest.ReverseIntegerTest@3ffc5af1]" name="ReverseTest" duration-ms="15" started-at="2019-03-14T03:55:02Z" data-provider="dp" finished-at="2019-03-14T03:55:02Z">
          <params>
            <param index="0">
              <value>
                <![CDATA[75315987]]>
              </value>
            </param>
            <param index="1">
              <value>
                <![CDATA[78951357]]>
              </value>
            </param>
          </params>
          <reporter-output>
          </reporter-output>
        </test-method> <!-- ReverseTest -->
        <test-method status="PASS" signature="dest()[pri:0, instance:com.NumberOperationTest.ReverseIntegerTest@3ffc5af1]" name="dest" is-config="true" duration-ms="0" started-at="2019-03-14T03:55:02Z" finished-at="2019-03-14T03:55:02Z">
          <reporter-output>
          </reporter-output>
        </test-method> <!-- dest -->
      </class> <!-- com.NumberOperationTest.ReverseIntegerTest -->
      <class name="com.stringOperation.Test.ReverseStringTest">
        <test-method status="PASS" signature="suit()[pri:0, instance:com.stringOperation.Test.ReverseStringTest@d2cc05a]" name="suit" is-config="true" duration-ms="31" started-at="2019-03-14T03:55:02Z" finished-at="2019-03-14T03:55:02Z">
          <reporter-output>
          </reporter-output>
        </test-method> <!-- suit -->
      </class> <!-- com.stringOperation.Test.ReverseStringTest -->
    </test> <!-- Number Operations -->
  </suite> <!-- JavaBasics -->
</testng-results>
