<?xml version="1.0" encoding="UTF-8"?>
<testng-results skipped="0" failed="0" ignored="0" total="4" passed="4">
  <reporter-output>
  </reporter-output>
  <suite name="Default suite" duration-ms="176" started-at="2019-05-17T18:04:32Z" finished-at="2019-05-17T18:04:32Z">
    <groups>
    </groups>
    <test name="Default test" duration-ms="176" started-at="2019-05-17T18:04:32Z" finished-at="2019-05-17T18:04:32Z">
      <class name="com.NumberOperationTest.FibonaciTest">
        <test-method status="PASS" signature="res(java.lang.String, java.lang.String)[pri:0, instance:com.NumberOperationTest.FibonaciTest@5dfcfece]" name="res" duration-ms="29" started-at="2019-05-17T18:04:32Z" data-provider="data" finished-at="2019-05-17T18:04:32Z">
          <params>
            <param index="0">
              <value>
                <![CDATA[0]]>
              </value>
            </param>
            <param index="1">
              <value>
                <![CDATA[0]]>
              </value>
            </param>
          </params>
          <reporter-output>
          </reporter-output>
        </test-method> <!-- res -->
        <test-method status="PASS" signature="res(java.lang.String, java.lang.String)[pri:0, instance:com.NumberOperationTest.FibonaciTest@5dfcfece]" name="res" duration-ms="14" started-at="2019-05-17T18:04:32Z" data-provider="data" finished-at="2019-05-17T18:04:32Z">
          <params>
            <param index="0">
              <value>
                <![CDATA[2]]>
              </value>
            </param>
            <param index="1">
              <value>
                <![CDATA[0,1]]>
              </value>
            </param>
          </params>
          <reporter-output>
          </reporter-output>
        </test-method> <!-- res -->
        <test-method status="PASS" signature="res(java.lang.String, java.lang.String)[pri:0, instance:com.NumberOperationTest.FibonaciTest@5dfcfece]" name="res" duration-ms="13" started-at="2019-05-17T18:04:32Z" data-provider="data" finished-at="2019-05-17T18:04:32Z">
          <params>
            <param index="0">
              <value>
                <![CDATA[5]]>
              </value>
            </param>
            <param index="1">
              <value>
                <![CDATA[0,1,1,2,3]]>
              </value>
            </param>
          </params>
          <reporter-output>
          </reporter-output>
        </test-method> <!-- res -->
        <test-method status="PASS" signature="res(java.lang.String, java.lang.String)[pri:0, instance:com.NumberOperationTest.FibonaciTest@5dfcfece]" name="res" duration-ms="6" started-at="2019-05-17T18:04:32Z" data-provider="data" finished-at="2019-05-17T18:04:32Z">
          <params>
            <param index="0">
              <value>
                <![CDATA[7]]>
              </value>
            </param>
            <param index="1">
              <value>
                <![CDATA[0,1,1,2,3,5,8]]>
              </value>
            </param>
          </params>
          <reporter-output>
          </reporter-output>
        </test-method> <!-- res -->
      </class> <!-- com.NumberOperationTest.FibonaciTest -->
    </test> <!-- Default test -->
  </suite> <!-- Default suite -->
</testng-results>
